2019-11-04 20:08:02,594 - experiment.py - INFO - =====================================================
2019-11-04 20:08:02,594 - experiment.py - INFO - Experiment ../experiments/lstm_reliability_0.json 16 started...
2019-11-04 20:08:02,594 - experiment.py - INFO - =====================================================
2019-11-04 20:08:02,595 - util.py - INFO - CALL::__main__.experiment_model(selection_problem = 'biased', selection_source = 'mbfc', selection_count = 15000, selection_random_seed = 13, selection_reject_minimum = 500, selection_overwrite = False, embedding_type = 'w2v', embedding_shape = 'sequence', embedding_overwrite = False, test_source = 'as', model_type = 'lstm', model_arch_num = 1, model_layer_sizes = [32, 1], model_maxlen = 500, model_batch_size = 128, model_learning_rate = 0.001, model_epochs = 100, model_num = 16, verbose = False)
2019-11-04 20:08:02,595 - util.py - INFO - CALL::datasets.get_selection_set(problem = 'biased', source = 'mbfc', count = 15000, random_seed = 13, reject_minimum = 500, overwrite = False, verbose = False)
2019-11-04 20:08:02,603 - util.py - INFO - CALL::datasets.create_selection_set_sources(target_count = 15000, reject_minimum = 500, overwrite = False, verbose = False)
2019-11-04 20:08:02,604 - util.py - INFO - Cached version found.
2019-11-04 20:08:02,605 - datasets.py - INFO - Creating binary selection selection_biased_mbfc_13...
2019-11-04 20:08:02,605 - util.py - INFO - Cached version found.
2019-11-04 20:08:02,605 - datasets.py - INFO - Loading ../data/cache/selection_biased_mbfc_13...
Empty DataFrame
Columns: [date, source, name, content, biased]
Index: []
2019-11-04 20:08:02,639 - util.py - INFO - CALL::datasets.get_embedding_set(df =             date  ... biased
0     2018-10-19  ...      1
1     2018-11-02  ...      1
2     2018-07-26  ...      1
3     2018-09-06  ...      1
4     2018-07-29  ...      1
...          ...  ...    ...
3763  2018-09-20  ...      0
3764  2018-10-18  ...      0
3765  2018-03-19  ...      0
3766  2018-02-22  ...      0
3767  2018-02-27  ...      0

[3768 rows x 5 columns], embedding_type = 'w2v', output_name = 'selection_biased_mbfc_13', shaping = 'sequence', overwrite = False)
2019-11-04 20:08:02,639 - datasets.py - INFO - Creating w2v embedding selection_biased_mbfc_13...
2019-11-04 20:08:02,640 - util.py - INFO - Cached version found.
2019-11-04 20:08:05,194 - util.py - INFO - CALL::datasets.get_test_embedding_set(problem = 'biased', source = 'mbfc', source_test = 'as', count = 15000, reject_minimum = 500, random_seed = 13, embedding_type = 'w2v', shaping = 'sequence')
2019-11-04 20:08:05,195 - util.py - INFO - CALL::datasets.create_selection_set_sources(target_count = 15000, reject_minimum = 500, overwrite = False, verbose = False)
2019-11-04 20:08:05,195 - util.py - INFO - Cached version found.
2019-11-04 20:08:05,196 - util.py - INFO - CALL::datasets.get_selection_set(problem = 'biased', source = 'as', count = 15000, random_seed = 13, reject_minimum = 500, overwrite = False, verbose = False)
2019-11-04 20:08:05,204 - util.py - INFO - CALL::datasets.create_selection_set_sources(target_count = 15000, reject_minimum = 500, overwrite = False, verbose = False)
2019-11-04 20:08:05,204 - util.py - INFO - Cached version found.
2019-11-04 20:08:05,204 - datasets.py - INFO - Creating binary selection selection_biased_as_13...
2019-11-04 20:08:05,204 - util.py - INFO - Cached version found.
2019-11-04 20:08:05,204 - datasets.py - INFO - Loading ../data/cache/selection_biased_as_13...
Empty DataFrame
Columns: [date, source, name, content, biased]
Index: []
2019-11-04 20:08:05,243 - util.py - INFO - CALL::datasets.get_embedding_set(df =             date  ... biased
0     2018-10-19  ...      1
1     2018-11-02  ...      1
2     2018-07-26  ...      1
3     2018-09-06  ...      1
4     2018-07-29  ...      1
...          ...  ...    ...
7853  2018-09-26  ...      0
7854  2018-11-08  ...      0
7855  2018-02-22  ...      0
7856  2018-08-15  ...      0
7857  2018-03-18  ...      0

[7858 rows x 5 columns], embedding_type = 'w2v', output_name = 'selection_biased_as_13', shaping = 'sequence', overwrite = False)
2019-11-04 20:08:05,244 - datasets.py - INFO - Creating w2v embedding selection_biased_as_13...
2019-11-04 20:08:05,244 - util.py - INFO - Cached version found.
2019-11-04 20:08:10,227 - util.py - INFO - CALL::lstm.train_test(X = array([[[ 1.45507812e-01, -1.89208984e-02,  9.61914062e-02, ...,
         -4.49218750e-02, -5.39550781e-02,  3.00292969e-02],
        [ 4.93164062e-02, -1.12304688e-01,  7.56835938e-02, ...,
         -4.34570312e-02,  8.74023438e-02,  9.37500000e-02],
        [ 8.00781250e-02,  1.04980469e-01,  4.98046875e-02, ...,
          3.66210938e-03,  4.76074219e-02, -6.88476562e-02],
        ...,
        [ 1.09375000e-01,  1.40625000e-01, -3.17382812e-02, ...,
          7.65991211e-03,  1.20117188e-01, -1.79687500e-01],
        [-4.73632812e-02,  1.21093750e-01,  1.23535156e-01, ...,
         -3.58886719e-02,  1.66015625e-01,  2.37304688e-01],
        [ 1.10351562e-01,  2.55859375e-01,  3.41796875e-02, ...,
          2.15820312e-01, -1.33789062e-01, -6.49414062e-02]],

       [[ 8.44726562e-02, -3.52859497e-04,  5.32226562e-02, ...,
          1.70898438e-02,  6.07910156e-02, -1.08886719e-01],
        [-2.55126953e-02,  7.75146484e-03, -6.12792969e-02, ...,
         -1.41601562e-01, -1.51367188e-01, -2.30468750e-01],
        [-9.09423828e-03, -4.41894531e-02,  9.96093750e-02, ...,
          1.44531250e-01,  1.80664062e-01, -8.69140625e-02],
        ...,
        [ 1.85546875e-02,  3.22265625e-01,  3.06640625e-01, ...,
         -8.78906250e-03, -1.10839844e-01,  2.28515625e-01],
        [ 2.39257812e-01,  6.98242188e-02,  6.83593750e-03, ...,
         -1.56250000e-02,  4.17480469e-02,  6.20117188e-02],
        [ 1.70898438e-01,  1.46484375e-01, -5.39550781e-02, ...,
          5.44433594e-02,  1.40625000e-01,  3.06640625e-01]],

       [[-1.62353516e-02,  9.42382812e-02,  9.17968750e-02, ...,
          2.08007812e-01,  9.08203125e-02,  4.56542969e-02],
        [ 1.29394531e-02,  1.60980225e-03, -4.32128906e-02, ...,
         -3.36914062e-02,  6.03027344e-02,  2.86865234e-02],
        [-1.57470703e-02, -2.83203125e-02,  8.34960938e-02, ...,
          6.86645508e-03,  6.10351562e-02, -1.48437500e-01],
        ...,
        [ 8.00781250e-02,  1.04980469e-01,  4.98046875e-02, ...,
          3.66210938e-03,  4.76074219e-02, -6.88476562e-02],
        [ 1.22558594e-01, -8.93554688e-02,  2.69775391e-02, ...,
         -6.39648438e-02, -7.17773438e-02, -1.38671875e-01],
        [ 2.43164062e-01, -7.71484375e-02, -1.03027344e-01, ...,
         -8.30078125e-02,  6.54296875e-02, -2.94189453e-02]],

       ...,

       [[ 3.28125000e-01,  4.49218750e-02,  8.88671875e-02, ...,
          1.67968750e-01,  1.22070312e-01,  5.62500000e-01],
        [-5.49316406e-02,  1.83593750e-01,  1.50390625e-01, ...,
          8.74023438e-02,  4.22363281e-02, -6.16455078e-03],
        [-9.03320312e-02,  2.81250000e-01,  1.76757812e-01, ...,
          1.89208984e-02, -1.85546875e-01,  9.66796875e-02],
        ...,
        [ 0.00000000e+00,  0.00000000e+00,  0.00000000e+00, ...,
          0.00000000e+00,  0.00000000e+00,  0.00000000e+00],
        [ 0.00000000e+00,  0.00000000e+00,  0.00000000e+00, ...,
          0.00000000e+00,  0.00000000e+00,  0.00000000e+00],
        [ 0.00000000e+00,  0.00000000e+00,  0.00000000e+00, ...,
          0.00000000e+00,  0.00000000e+00,  0.00000000e+00]],

       [[ 3.28125000e-01,  4.49218750e-02,  8.88671875e-02, ...,
          1.67968750e-01,  1.22070312e-01,  5.62500000e-01],
        [-5.49316406e-02,  1.83593750e-01,  1.50390625e-01, ...,
          8.74023438e-02,  4.22363281e-02, -6.16455078e-03],
        [-1.72851562e-01,  2.79296875e-01,  1.06933594e-01, ...,
          1.23046875e-01,  1.29882812e-01, -1.82617188e-01],
        ...,
        [ 0.00000000e+00,  0.00000000e+00,  0.00000000e+00, ...,
          0.00000000e+00,  0.00000000e+00,  0.00000000e+00],
        [ 0.00000000e+00,  0.00000000e+00,  0.00000000e+00, ...,
          0.00000000e+00,  0.00000000e+00,  0.00000000e+00],
        [ 0.00000000e+00,  0.00000000e+00,  0.00000000e+00, ...,
          0.00000000e+00,  0.00000000e+00,  0.00000000e+00]],

       [[-2.63671875e-02,  6.83593750e-02, -3.11279297e-02, ...,
         -1.70898438e-01,  1.96289062e-01, -9.96093750e-02],
        [ 4.10156250e-02,  3.44238281e-02,  2.46093750e-01, ...,
          3.04687500e-01, -1.95312500e-01, -2.02148438e-01],
        [-2.49023438e-02,  2.19726562e-02, -3.54003906e-02, ...,
          1.08032227e-02, -1.87988281e-02, -6.88476562e-02],
        ...,
        [ 4.10156250e-02,  3.44238281e-02,  2.46093750e-01, ...,
          3.04687500e-01, -1.95312500e-01, -2.02148438e-01],
        [ 7.03125000e-02,  8.69140625e-02,  8.78906250e-02, ...,
         -4.76074219e-02,  1.44653320e-02, -6.25000000e-02],
        [ 7.03125000e-02, -5.58471680e-03,  8.30078125e-02, ...,
          1.82617188e-01,  8.54492188e-02, -1.54296875e-01]]],
      dtype=float32), y = 0       1
1       1
2       1
3       1
4       1
       ..
3763    0
3764    0
3765    0
3766    0
3767    0
Name: biased, Length: 3768, dtype: int64, arch_num = 1, layer_sizes = [32, 1], maxlen = 500, batch_size = 128, learning_rate = 0.001, epochs = 100, X_test = array([[[-4.32128906e-02, -1.08032227e-02,  2.15820312e-01, ...,
          2.63671875e-01,  1.31835938e-01,  2.64892578e-02],
        [-1.66015625e-01,  1.04980469e-02, -3.85742188e-02, ...,
          4.29687500e-02, -9.66796875e-02, -5.68847656e-02],
        [ 2.67333984e-02, -9.08203125e-02,  2.78320312e-02, ...,
         -1.16699219e-01, -2.94189453e-02, -7.08007812e-02],
        ...,
        [ 0.00000000e+00,  0.00000000e+00,  0.00000000e+00, ...,
          0.00000000e+00,  0.00000000e+00,  0.00000000e+00],
        [ 0.00000000e+00,  0.00000000e+00,  0.00000000e+00, ...,
          0.00000000e+00,  0.00000000e+00,  0.00000000e+00],
        [ 0.00000000e+00,  0.00000000e+00,  0.00000000e+00, ...,
          0.00000000e+00,  0.00000000e+00,  0.00000000e+00]],

       [[-9.03320312e-02,  2.81250000e-01,  1.76757812e-01, ...,
          1.89208984e-02, -1.85546875e-01,  9.66796875e-02],
        [ 2.84423828e-02,  5.17578125e-02,  2.52685547e-02, ...,
         -4.12109375e-01,  5.63964844e-02, -2.19726562e-01],
        [-3.34472656e-02, -7.47070312e-02,  4.44335938e-02, ...,
         -2.25585938e-01,  4.19921875e-02,  8.59375000e-02],
        ...,
        [ 0.00000000e+00,  0.00000000e+00,  0.00000000e+00, ...,
          0.00000000e+00,  0.00000000e+00,  0.00000000e+00],
        [ 0.00000000e+00,  0.00000000e+00,  0.00000000e+00, ...,
          0.00000000e+00,  0.00000000e+00,  0.00000000e+00],
        [ 0.00000000e+00,  0.00000000e+00,  0.00000000e+00, ...,
          0.00000000e+00,  0.00000000e+00,  0.00000000e+00]],

       [[ 6.73828125e-02, -1.24511719e-01,  1.79687500e-01, ...,
          1.29882812e-01, -4.35546875e-01,  2.30468750e-01],
        [-2.71484375e-01, -9.96093750e-02,  2.19726562e-02, ...,
         -5.07812500e-01,  1.81640625e-01, -8.78906250e-02],
        [ 8.83789062e-02, -3.17382812e-02, -1.22558594e-01, ...,
          2.34375000e-02,  2.48046875e-01, -1.17675781e-01],
        ...,
        [-5.85937500e-02, -3.75976562e-02,  7.27539062e-02, ...,
         -1.07910156e-01, -8.64257812e-02, -3.19824219e-02],
        [ 1.09375000e-01,  1.40625000e-01, -3.17382812e-02, ...,
          7.65991211e-03,  1.20117188e-01, -1.79687500e-01],
        [ 1.22558594e-01, -6.53076172e-03,  6.25000000e-02, ...,
          4.12597656e-02, -4.88281250e-02, -2.05078125e-02]],

       ...,

       [[ 3.22265625e-02,  1.22070312e-01,  2.25585938e-01, ...,
          4.93164062e-02, -5.17578125e-02, -1.24511719e-01],
        [ 3.18359375e-01,  1.76757812e-01,  5.85937500e-02, ...,
         -9.81445312e-02,  5.24902344e-02, -2.33459473e-03],
        [-4.76074219e-02,  8.69140625e-02, -6.89697266e-03, ...,
         -6.73828125e-02, -2.25585938e-01,  1.60156250e-01],
        ...,
        [ 0.00000000e+00,  0.00000000e+00,  0.00000000e+00, ...,
          0.00000000e+00,  0.00000000e+00,  0.00000000e+00],
        [ 0.00000000e+00,  0.00000000e+00,  0.00000000e+00, ...,
          0.00000000e+00,  0.00000000e+00,  0.00000000e+00],
        [ 0.00000000e+00,  0.00000000e+00,  0.00000000e+00, ...,
          0.00000000e+00,  0.00000000e+00,  0.00000000e+00]],

       [[ 1.66015625e-02,  4.56542969e-02, -1.19140625e-01, ...,
          1.64794922e-02,  2.63671875e-01,  8.44726562e-02],
        [ 3.32031250e-02,  1.77734375e-01,  5.49316406e-02, ...,
          9.32617188e-02,  2.18505859e-02, -1.02539062e-01],
        [-9.09423828e-03, -4.41894531e-02,  9.96093750e-02, ...,
          1.44531250e-01,  1.80664062e-01, -8.69140625e-02],
        ...,
        [-7.22656250e-02, -2.68936157e-04,  2.02636719e-02, ...,
          1.30859375e-01, -8.91113281e-03, -1.04980469e-01],
        [ 3.18359375e-01,  1.76757812e-01,  5.85937500e-02, ...,
         -9.81445312e-02,  5.24902344e-02, -2.33459473e-03],
        [ 4.95605469e-02,  1.06201172e-02, -2.19726562e-01, ...,
         -7.44628906e-03, -7.56835938e-02,  8.78906250e-02]],

       [[-2.49023438e-02,  2.19726562e-02, -3.54003906e-02, ...,
          1.08032227e-02, -1.87988281e-02, -6.88476562e-02],
        [ 2.63671875e-01, -1.91650391e-02,  2.89306641e-02, ...,
         -6.68945312e-02,  2.07031250e-01, -1.38671875e-01],
        [ 7.91015625e-02,  9.66796875e-02, -1.08642578e-02, ...,
          5.27343750e-02,  7.12890625e-02, -5.00488281e-02],
        ...,
        [ 2.28515625e-01, -1.98242188e-01,  5.39550781e-02, ...,
         -2.08984375e-01, -2.95410156e-02,  1.32812500e-01],
        [ 2.02148438e-01, -8.10546875e-02,  1.83593750e-01, ...,
          6.64062500e-02,  5.37109375e-02, -1.71875000e-01],
        [ 1.46484375e-01, -1.37939453e-02, -1.91650391e-02, ...,
          4.19921875e-02,  1.63085938e-01,  2.02636719e-02]]],
      dtype=float32), y_test = 1194    1
1371    1
557     1
2887    1
1176    1
       ..
583     1
2156    1
246     1
864     1
1198    1
Name: biased, Length: 686, dtype: int64, name = 'selection_biased_mbfc_13_lstm_1_16_500_128_0.001')
Using TensorFlow backend.
WARNING:tensorflow:From /home/tntech.edu/namartinda42/.conda/envs/tensorflow-gpu/lib/python3.7/site-packages/keras/backend/tensorflow_backend.py:74: The name tf.get_default_graph is deprecated. Please use tf.compat.v1.get_default_graph instead.

2019-11-04 20:08:10,227 - deprecation_wrapper.py - WARNING - From /home/tntech.edu/namartinda42/.conda/envs/tensorflow-gpu/lib/python3.7/site-packages/keras/backend/tensorflow_backend.py:74: The name tf.get_default_graph is deprecated. Please use tf.compat.v1.get_default_graph instead.

WARNING:tensorflow:From /home/tntech.edu/namartinda42/.conda/envs/tensorflow-gpu/lib/python3.7/site-packages/keras/backend/tensorflow_backend.py:517: The name tf.placeholder is deprecated. Please use tf.compat.v1.placeholder instead.

2019-11-04 20:08:10,242 - deprecation_wrapper.py - WARNING - From /home/tntech.edu/namartinda42/.conda/envs/tensorflow-gpu/lib/python3.7/site-packages/keras/backend/tensorflow_backend.py:517: The name tf.placeholder is deprecated. Please use tf.compat.v1.placeholder instead.

WARNING:tensorflow:From /home/tntech.edu/namartinda42/.conda/envs/tensorflow-gpu/lib/python3.7/site-packages/keras/backend/tensorflow_backend.py:4138: The name tf.random_uniform is deprecated. Please use tf.random.uniform instead.

2019-11-04 20:08:10,250 - deprecation_wrapper.py - WARNING - From /home/tntech.edu/namartinda42/.conda/envs/tensorflow-gpu/lib/python3.7/site-packages/keras/backend/tensorflow_backend.py:4138: The name tf.random_uniform is deprecated. Please use tf.random.uniform instead.

WARNING:tensorflow:From /home/tntech.edu/namartinda42/.conda/envs/tensorflow-gpu/lib/python3.7/site-packages/keras/backend/tensorflow_backend.py:133: The name tf.placeholder_with_default is deprecated. Please use tf.compat.v1.placeholder_with_default instead.

2019-11-04 20:08:10,307 - deprecation_wrapper.py - WARNING - From /home/tntech.edu/namartinda42/.conda/envs/tensorflow-gpu/lib/python3.7/site-packages/keras/backend/tensorflow_backend.py:133: The name tf.placeholder_with_default is deprecated. Please use tf.compat.v1.placeholder_with_default instead.

WARNING:tensorflow:From /home/tntech.edu/namartinda42/.conda/envs/tensorflow-gpu/lib/python3.7/site-packages/keras/backend/tensorflow_backend.py:3445: calling dropout (from tensorflow.python.ops.nn_ops) with keep_prob is deprecated and will be removed in a future version.
Instructions for updating:
Please use `rate` instead of `keep_prob`. Rate should be set to `rate = 1 - keep_prob`.
2019-11-04 20:08:10,312 - deprecation.py - WARNING - From /home/tntech.edu/namartinda42/.conda/envs/tensorflow-gpu/lib/python3.7/site-packages/keras/backend/tensorflow_backend.py:3445: calling dropout (from tensorflow.python.ops.nn_ops) with keep_prob is deprecated and will be removed in a future version.
Instructions for updating:
Please use `rate` instead of `keep_prob`. Rate should be set to `rate = 1 - keep_prob`.
WARNING:tensorflow:From /home/tntech.edu/namartinda42/.conda/envs/tensorflow-gpu/lib/python3.7/site-packages/keras/backend/tensorflow_backend.py:2974: add_dispatch_support.<locals>.wrapper (from tensorflow.python.ops.array_ops) is deprecated and will be removed in a future version.
Instructions for updating:
Use tf.where in 2.0, which has the same broadcast rule as np.where
2019-11-04 20:08:10,628 - deprecation.py - WARNING - From /home/tntech.edu/namartinda42/.conda/envs/tensorflow-gpu/lib/python3.7/site-packages/keras/backend/tensorflow_backend.py:2974: add_dispatch_support.<locals>.wrapper (from tensorflow.python.ops.array_ops) is deprecated and will be removed in a future version.
Instructions for updating:
Use tf.where in 2.0, which has the same broadcast rule as np.where
WARNING:tensorflow:From /home/tntech.edu/namartinda42/.conda/envs/tensorflow-gpu/lib/python3.7/site-packages/keras/optimizers.py:790: The name tf.train.Optimizer is deprecated. Please use tf.compat.v1.train.Optimizer instead.

2019-11-04 20:08:10,676 - deprecation_wrapper.py - WARNING - From /home/tntech.edu/namartinda42/.conda/envs/tensorflow-gpu/lib/python3.7/site-packages/keras/optimizers.py:790: The name tf.train.Optimizer is deprecated. Please use tf.compat.v1.train.Optimizer instead.

WARNING:tensorflow:From /home/tntech.edu/namartinda42/.conda/envs/tensorflow-gpu/lib/python3.7/site-packages/keras/backend/tensorflow_backend.py:3376: The name tf.log is deprecated. Please use tf.math.log instead.

2019-11-04 20:08:10,680 - deprecation_wrapper.py - WARNING - From /home/tntech.edu/namartinda42/.conda/envs/tensorflow-gpu/lib/python3.7/site-packages/keras/backend/tensorflow_backend.py:3376: The name tf.log is deprecated. Please use tf.math.log instead.

2019-11-04 20:08:12.501565: I tensorflow/core/platform/cpu_feature_guard.cc:142] Your CPU supports instructions that this TensorFlow binary was not compiled to use: SSE4.1 SSE4.2 AVX AVX2 FMA
2019-11-04 20:08:12.507634: I tensorflow/core/platform/profile_utils/cpu_utils.cc:94] CPU Frequency: 2394370000 Hz
2019-11-04 20:08:12.507764: I tensorflow/compiler/xla/service/service.cc:168] XLA service 0x5555eb672f00 executing computations on platform Host. Devices:
2019-11-04 20:08:12.507777: I tensorflow/compiler/xla/service/service.cc:175]   StreamExecutor device (0): <undefined>, <undefined>
2019-11-04 20:08:12.509160: I tensorflow/stream_executor/platform/default/dso_loader.cc:53] Could not dlopen library 'libcuda.so.1'; dlerror: libcuda.so.1: cannot open shared object file: No such file or directory; LD_LIBRARY_PATH: /cm/shared/apps/cuda91/toolkit/9.1.85/extras/CUPTI/lib64:/cm/local/apps/cuda/libs/current/lib64:/cm/shared/apps/cuda91/toolkit/9.1.85/targets/x86_64-linux/lib:/cm/local/apps/gcc/6.3.0/lib:/cm/local/apps/gcc/6.3.0/lib64:/cm/shared/apps/openmpi/gcc/64/1.10.3/lib64:/cm/shared/apps/slurm/17.02.10/lib64/slurm:/cm/shared/apps/slurm/17.02.10/lib64
2019-11-04 20:08:12.509179: E tensorflow/stream_executor/cuda/cuda_driver.cc:318] failed call to cuInit: UNKNOWN ERROR (303)
2019-11-04 20:08:12.509199: I tensorflow/stream_executor/cuda/cuda_diagnostics.cc:156] kernel driver does not appear to be running on this host (node037): /proc/driver/nvidia/version does not exist
2019-11-04 20:08:12.675107: W tensorflow/compiler/jit/mark_for_compilation_pass.cc:1412] (One-time warning): Not using XLA:CPU for cluster because envvar TF_XLA_FLAGS=--tf_xla_cpu_global_jit was not set.  If you want XLA:CPU, either set that envvar, or use experimental_jit_scope to enable XLA:CPU.  To confirm that XLA is active, pass --vmodule=xla_compilation_cache=1 (as a proper command-line flag, not via TF_XLA_FLAGS) or set the envvar XLA_FLAGS=--xla_hlo_profile.
_________________________________________________________________
Layer (type)                 Output Shape              Param #   
=================================================================
masking_1 (Masking)          (None, 500, 300)          0         
_________________________________________________________________
lstm_1 (LSTM)                (None, 32)                42624     
_________________________________________________________________
dense_1 (Dense)              (None, 1)                 33        
=================================================================
Total params: 42,657
Trainable params: 42,657
Non-trainable params: 0
_________________________________________________________________
Train on 3014 samples, validate on 754 samples
Epoch 1/100
 - 43s - loss: 0.6701 - binary_accuracy: 0.6095 - val_loss: 0.6416 - val_binary_accuracy: 0.6671
Epoch 2/100
 - 42s - loss: 0.5935 - binary_accuracy: 0.6967 - val_loss: 0.5321 - val_binary_accuracy: 0.7653
Epoch 3/100
 - 42s - loss: 0.5521 - binary_accuracy: 0.7279 - val_loss: 0.5333 - val_binary_accuracy: 0.7334
Epoch 4/100
 - 42s - loss: 0.5373 - binary_accuracy: 0.7369 - val_loss: 0.6688 - val_binary_accuracy: 0.6101
Epoch 5/100
 - 43s - loss: 0.5930 - binary_accuracy: 0.6735 - val_loss: 0.5729 - val_binary_accuracy: 0.7215

128/686 [====>.........................] - ETA: 2s
256/686 [==========>...................] - ETA: 2s
384/686 [===============>..............] - ETA: 1s
512/686 [=====================>........] - ETA: 0s
640/686 [==========================>...] - ETA: 0s
686/686 [==============================] - 3s 5ms/step
2019-11-04 20:11:48,105 - lstm.py - INFO - Test loss / test accuracy: 0.345157 / 0.756560
